=== Auto Monitor Started at Sat Nov 22 10:08:47 CST 2025 ===
Monitoring compilation in /home/qianxu/flash-attention-homemade/libflash_attn/build
[10:08:47] Compilation still running...
[10:09:17] Compilation still running...
[10:09:47] Compilation still running...
[10:10:17] Compilation still running...
[10:10:47] Compilation still running...
[10:11:17] Compilation still running...
[10:11:47] Compilation still running...
[10:12:17] Compilation still running...
[10:12:48] Compilation still running...
[10:13:18] Compilation still running...
[10:13:48] Compilation still running...
[10:14:18] Compilation still running...
[10:14:48] Compilation still running...
[10:15:18] Compilation still running...
[10:15:48] Compilation still running...
[10:16:18] Compilation still running...
[10:16:48] Compilation still running...
[10:17:18] Compilation still running...
[10:17:48] Compilation still running...
[10:18:18] Compilation still running...
[10:18:48] Compilation still running...
[10:19:18] Compilation still running...
[10:19:48] Compilation still running...
[10:20:18] Compilation still running...
[10:20:48] Compilation still running...
[10:21:18] Compilation still running...
[10:21:48] Compilation still running...
[10:22:18] Compilation still running...
[10:22:48] Compilation still running...
[10:23:18] Compilation still running...
[10:23:48] Compilation still running...
[10:24:18] Compilation still running...
[10:24:48] Compilation still running...
[10:25:18] Compilation still running...
[10:25:48] Compilation still running...
[10:26:18] Compilation still running...
[10:26:48] Compilation process finished
[10:26:48] ✗ Compilation FAILED - binary not found
[10:26:48] Last 50 lines of compilation log:
ptxas /tmp/tmpxft_00018e18_00000000-6_flash_fwd_hdim256_fp16_sm90.ptx, line 170113; warning : Advisory: '.multicast::cluster' modifier on instruction 'cp.async.bulk{.tensor}' should be used on .target 'sm_90a/sm_100a/sm_101a' instead of .target 'sm_90' as this feature is expected to have substantially reduced performance on some future architectures
ptxas /tmp/tmpxft_00018e18_00000000-6_flash_fwd_hdim256_fp16_sm90.ptx, line 170118; warning : Advisory: '.multicast::cluster' modifier on instruction 'cp.async.bulk{.tensor}' should be used on .target 'sm_90a/sm_100a/sm_101a' instead of .target 'sm_90' as this feature is expected to have substantially reduced performance on some future architectures
ptxas /tmp/tmpxft_00018e18_00000000-6_flash_fwd_hdim256_fp16_sm90.ptx, line 170123; warning : Advisory: '.multicast::cluster' modifier on instruction 'cp.async.bulk{.tensor}' should be used on .target 'sm_90a/sm_100a/sm_101a' instead of .target 'sm_90' as this feature is expected to have substantially reduced performance on some future architectures
ptxas /tmp/tmpxft_00018e18_00000000-6_flash_fwd_hdim256_fp16_sm90.ptx, line 170289; warning : Advisory: '.multicast::cluster' modifier on instruction 'cp.async.bulk{.tensor}' should be used on .target 'sm_90a/sm_100a/sm_101a' instead of .target 'sm_90' as this feature is expected to have substantially reduced performance on some future architectures
ptxas /tmp/tmpxft_00018e18_00000000-6_flash_fwd_hdim256_fp16_sm90.ptx, line 170294; warning : Advisory: '.multicast::cluster' modifier on instruction 'cp.async.bulk{.tensor}' should be used on .target 'sm_90a/sm_100a/sm_101a' instead of .target 'sm_90' as this feature is expected to have substantially reduced performance on some future architectures
ptxas /tmp/tmpxft_00018e18_00000000-6_flash_fwd_hdim256_fp16_sm90.ptx, line 170299; warning : Advisory: '.multicast::cluster' modifier on instruction 'cp.async.bulk{.tensor}' should be used on .target 'sm_90a/sm_100a/sm_101a' instead of .target 'sm_90' as this feature is expected to have substantially reduced performance on some future architectures
ptxas /tmp/tmpxft_00018e18_00000000-6_flash_fwd_hdim256_fp16_sm90.ptx, line 170304; warning : Advisory: '.multicast::cluster' modifier on instruction 'cp.async.bulk{.tensor}' should be used on .target 'sm_90a/sm_100a/sm_101a' instead of .target 'sm_90' as this feature is expected to have substantially reduced performance on some future architectures
ptxas /tmp/tmpxft_00018e18_00000000-6_flash_fwd_hdim256_fp16_sm90.ptx, line 170359; warning : Advisory: '.multicast::cluster' modifier on instruction 'cp.async.bulk{.tensor}' should be used on .target 'sm_90a/sm_100a/sm_101a' instead of .target 'sm_90' as this feature is expected to have substantially reduced performance on some future architectures
ptxas /tmp/tmpxft_00018e18_00000000-6_flash_fwd_hdim256_fp16_sm90.ptx, line 170364; warning : Advisory: '.multicast::cluster' modifier on instruction 'cp.async.bulk{.tensor}' should be used on .target 'sm_90a/sm_100a/sm_101a' instead of .target 'sm_90' as this feature is expected to have substantially reduced performance on some future architectures
ptxas /tmp/tmpxft_00018e18_00000000-6_flash_fwd_hdim256_fp16_sm90.ptx, line 170369; warning : Advisory: '.multicast::cluster' modifier on instruction 'cp.async.bulk{.tensor}' should be used on .target 'sm_90a/sm_100a/sm_101a' instead of .target 'sm_90' as this feature is expected to have substantially reduced performance on some future architectures
ptxas /tmp/tmpxft_00018e18_00000000-6_flash_fwd_hdim256_fp16_sm90.ptx, line 170374; warning : Advisory: '.multicast::cluster' modifier on instruction 'cp.async.bulk{.tensor}' should be used on .target 'sm_90a/sm_100a/sm_101a' instead of .target 'sm_90' as this feature is expected to have substantially reduced performance on some future architectures
ptxas /tmp/tmpxft_00018e18_00000000-6_flash_fwd_hdim256_fp16_sm90.ptx, line 170476; warning : Advisory: '.multicast::cluster' modifier on instruction 'cp.async.bulk{.tensor}' should be used on .target 'sm_90a/sm_100a/sm_101a' instead of .target 'sm_90' as this feature is expected to have substantially reduced performance on some future architectures
ptxas /tmp/tmpxft_00018e18_00000000-6_flash_fwd_hdim256_fp16_sm90.ptx, line 170481; warning : Advisory: '.multicast::cluster' modifier on instruction 'cp.async.bulk{.tensor}' should be used on .target 'sm_90a/sm_100a/sm_101a' instead of .target 'sm_90' as this feature is expected to have substantially reduced performance on some future architectures
ptxas /tmp/tmpxft_00018e18_00000000-6_flash_fwd_hdim256_fp16_sm90.ptx, line 170486; warning : Advisory: '.multicast::cluster' modifier on instruction 'cp.async.bulk{.tensor}' should be used on .target 'sm_90a/sm_100a/sm_101a' instead of .target 'sm_90' as this feature is expected to have substantially reduced performance on some future architectures
ptxas /tmp/tmpxft_00018e18_00000000-6_flash_fwd_hdim256_fp16_sm90.ptx, line 170491; warning : Advisory: '.multicast::cluster' modifier on instruction 'cp.async.bulk{.tensor}' should be used on .target 'sm_90a/sm_100a/sm_101a' instead of .target 'sm_90' as this feature is expected to have substantially reduced performance on some future architectures
ptxas /tmp/tmpxft_00018e18_00000000-6_flash_fwd_hdim256_fp16_sm90.ptx, line 170546; warning : Advisory: '.multicast::cluster' modifier on instruction 'cp.async.bulk{.tensor}' should be used on .target 'sm_90a/sm_100a/sm_101a' instead of .target 'sm_90' as this feature is expected to have substantially reduced performance on some future architectures
ptxas /tmp/tmpxft_00018e18_00000000-6_flash_fwd_hdim256_fp16_sm90.ptx, line 170551; warning : Advisory: '.multicast::cluster' modifier on instruction 'cp.async.bulk{.tensor}' should be used on .target 'sm_90a/sm_100a/sm_101a' instead of .target 'sm_90' as this feature is expected to have substantially reduced performance on some future architectures
ptxas /tmp/tmpxft_00018e18_00000000-6_flash_fwd_hdim256_fp16_sm90.ptx, line 170556; warning : Advisory: '.multicast::cluster' modifier on instruction 'cp.async.bulk{.tensor}' should be used on .target 'sm_90a/sm_100a/sm_101a' instead of .target 'sm_90' as this feature is expected to have substantially reduced performance on some future architectures
ptxas /tmp/tmpxft_00018e18_00000000-6_flash_fwd_hdim256_fp16_sm90.ptx, line 170561; warning : Advisory: '.multicast::cluster' modifier on instruction 'cp.async.bulk{.tensor}' should be used on .target 'sm_90a/sm_100a/sm_101a' instead of .target 'sm_90' as this feature is expected to have substantially reduced performance on some future architectures
ptxas /tmp/tmpxft_00018e18_00000000-6_flash_fwd_hdim256_fp16_sm90.ptx, line 170650; warning : Advisory: '.multicast::cluster' modifier on instruction 'cp.async.bulk{.tensor}' should be used on .target 'sm_90a/sm_100a/sm_101a' instead of .target 'sm_90' as this feature is expected to have substantially reduced performance on some future architectures
ptxas /tmp/tmpxft_00018e18_00000000-6_flash_fwd_hdim256_fp16_sm90.ptx, line 170655; warning : Advisory: '.multicast::cluster' modifier on instruction 'cp.async.bulk{.tensor}' should be used on .target 'sm_90a/sm_100a/sm_101a' instead of .target 'sm_90' as this feature is expected to have substantially reduced performance on some future architectures
ptxas /tmp/tmpxft_00018e18_00000000-6_flash_fwd_hdim256_fp16_sm90.ptx, line 170660; warning : Advisory: '.multicast::cluster' modifier on instruction 'cp.async.bulk{.tensor}' should be used on .target 'sm_90a/sm_100a/sm_101a' instead of .target 'sm_90' as this feature is expected to have substantially reduced performance on some future architectures
ptxas /tmp/tmpxft_00018e18_00000000-6_flash_fwd_hdim256_fp16_sm90.ptx, line 170665; warning : Advisory: '.multicast::cluster' modifier on instruction 'cp.async.bulk{.tensor}' should be used on .target 'sm_90a/sm_100a/sm_101a' instead of .target 'sm_90' as this feature is expected to have substantially reduced performance on some future architectures
ptxas /tmp/tmpxft_00018e18_00000000-6_flash_fwd_hdim256_fp16_sm90.ptx, line 170720; warning : Advisory: '.multicast::cluster' modifier on instruction 'cp.async.bulk{.tensor}' should be used on .target 'sm_90a/sm_100a/sm_101a' instead of .target 'sm_90' as this feature is expected to have substantially reduced performance on some future architectures
ptxas /tmp/tmpxft_00018e18_00000000-6_flash_fwd_hdim256_fp16_sm90.ptx, line 170725; warning : Advisory: '.multicast::cluster' modifier on instruction 'cp.async.bulk{.tensor}' should be used on .target 'sm_90a/sm_100a/sm_101a' instead of .target 'sm_90' as this feature is expected to have substantially reduced performance on some future architectures
ptxas /tmp/tmpxft_00018e18_00000000-6_flash_fwd_hdim256_fp16_sm90.ptx, line 170730; warning : Advisory: '.multicast::cluster' modifier on instruction 'cp.async.bulk{.tensor}' should be used on .target 'sm_90a/sm_100a/sm_101a' instead of .target 'sm_90' as this feature is expected to have substantially reduced performance on some future architectures
ptxas /tmp/tmpxft_00018e18_00000000-6_flash_fwd_hdim256_fp16_sm90.ptx, line 170735; warning : Advisory: '.multicast::cluster' modifier on instruction 'cp.async.bulk{.tensor}' should be used on .target 'sm_90a/sm_100a/sm_101a' instead of .target 'sm_90' as this feature is expected to have substantially reduced performance on some future architectures
ptxas /tmp/tmpxft_00018e18_00000000-6_flash_fwd_hdim256_fp16_sm90.ptx, line 170803; warning : Advisory: '.multicast::cluster' modifier on instruction 'cp.async.bulk{.tensor}' should be used on .target 'sm_90a/sm_100a/sm_101a' instead of .target 'sm_90' as this feature is expected to have substantially reduced performance on some future architectures
ptxas /tmp/tmpxft_00018e18_00000000-6_flash_fwd_hdim256_fp16_sm90.ptx, line 170808; warning : Advisory: '.multicast::cluster' modifier on instruction 'cp.async.bulk{.tensor}' should be used on .target 'sm_90a/sm_100a/sm_101a' instead of .target 'sm_90' as this feature is expected to have substantially reduced performance on some future architectures
ptxas /tmp/tmpxft_00018e18_00000000-6_flash_fwd_hdim256_fp16_sm90.ptx, line 170813; warning : Advisory: '.multicast::cluster' modifier on instruction 'cp.async.bulk{.tensor}' should be used on .target 'sm_90a/sm_100a/sm_101a' instead of .target 'sm_90' as this feature is expected to have substantially reduced performance on some future architectures
ptxas /tmp/tmpxft_00018e18_00000000-6_flash_fwd_hdim256_fp16_sm90.ptx, line 170818; warning : Advisory: '.multicast::cluster' modifier on instruction 'cp.async.bulk{.tensor}' should be used on .target 'sm_90a/sm_100a/sm_101a' instead of .target 'sm_90' as this feature is expected to have substantially reduced performance on some future architectures
[ 50%] Building CUDA object CMakeFiles/flash_attn.dir/src/flash_fwd_hdim64_e4m3_sm90.cu.o
[ 57%] Building CUDA object CMakeFiles/flash_attn.dir/src/flash_fwd_hdim128_e4m3_sm90.cu.o
[ 64%] Building CUDA object CMakeFiles/flash_attn.dir/src/flash_fwd_hdim256_e4m3_sm90.cu.o
[ 71%] Building CUDA object CMakeFiles/flash_attn.dir/hopper/flash_prepare_scheduler.cu.o
[ 78%] Building CUDA object CMakeFiles/flash_attn.dir/hopper/flash_fwd_combine.cu.o
In file included from /home/qianxu/flash-attention-homemade/libflash_attn/hopper/flash_fwd_combine.cu:4:
/home/qianxu/flash-attention-homemade/libflash_attn/hopper/flash_fwd_combine_launch_template.h:16:10: fatal error: flash_fwd_combine_kernel.h: No such file or directory
   16 | #include "flash_fwd_combine_kernel.h"
      |          ^~~~~~~~~~~~~~~~~~~~~~~~~~~~
compilation terminated.
In file included from /home/qianxu/flash-attention-homemade/libflash_attn/hopper/flash_fwd_combine.cu:4:
/home/qianxu/flash-attention-homemade/libflash_attn/hopper/flash_fwd_combine_launch_template.h:16:10: fatal error: flash_fwd_combine_kernel.h: No such file or directory
   16 | #include "flash_fwd_combine_kernel.h"
      |          ^~~~~~~~~~~~~~~~~~~~~~~~~~~~
compilation terminated.
fatal   : Could not open input file /tmp/tmpxft_000197f8_00000000-7_flash_fwd_combine.cpp1.ii
make[2]: *** [CMakeFiles/flash_attn.dir/build.make:216: CMakeFiles/flash_attn.dir/hopper/flash_fwd_combine.cu.o] Error 1
make[1]: *** [CMakeFiles/Makefile2:85: CMakeFiles/flash_attn.dir/all] Error 2
make: *** [Makefile:91: all] Error 2
=== Auto Monitor Finished at Sat Nov 22 10:26:48 CST 2025 ===
